cmdb_ci_endpoint_mq_queue: "0"
cmdb_ci_endpoint_dctm_index: "0"
cmdb_ci_endpoint_tibco_hawk: "0"
cmdb_ci_db_mssql_analysis: "0"
cmdb_ci_appl_cisco_call_man: "0"
cmdb_ci_protection_template: "0"
cmdb_ci_lb_modjk: "0"
cmdb_ci_cloud_ecs_task_definition: cmdb_ci_db_instance: "20922"
ar_u_cmdb_ci_security: cmdb_ci_appl_sap_ers: "0"
cmdb_ci_db_mysql_clustermgnode: "0"
cmdb_ci_avi_controller_cluster: cmdb_ci_lb_ckstickinesspolicy: "0"
cmdb_ci_openshift_source_2_image: ar_cmdb_ci_hyper_v_server: u_cmdb_ci_network_data_aggregation_appliance: "0"
ar_cmdb_ci_net_app_server: u_cmdb_ci_mac_address: "1307169"
cmdb_ci_stv: cmdb_ci_appl_ora_metric_svr: "0"
u_cmdb_ci_wireless_controller: "0"
cmdb_ci_edge_rack: cmdb_ci_routing_policy: "0"
cmdb_ci_appl_citrix_app: "0"
cmdb_ci_service_by_tags: cmdb_ci_vehicle: cmdb_ci_pcf_space: cmdb_ci_endpoint_smtp: "0"
cmdb_ci_vm_parallels: "0"
cmdb_ci_endpoint_sim_flow: "0"
cmdb_ci_storage_port: "0"
cmdb_ci_lvm_pool: "0"
cmdb_ci_endpoint_ssas: "0"
cmdb_ci_vpc: "0"
cmdb_ci_appl_ora_oafm: "0"
cmdb_ci_hmi: cmdb_ci_db_postgresql_instance: "0"
cmdb_ci_endpoint_iifp: "0"
cmdb_ci_service: "11000"
cmdb_ci_server_snapshot: "0"
ar_cmdb_ci_lb_ace: cmdb_ci_docker_image: "0"
cmdb_ci_service_auto: "10408"
cmdb_ci_endpoint_nntp: "0"
cmdb_ci_availability_set: "0"
cmdb_ci_epic_agent: "0"
cmdb_ci_san_connection: "0"
cmdb_ci_unix_cluster: "0"
cmdb_ci_lb_template: "0"
cmdb_ci_cmp_vm_instance_price: cmdb_ci_acc: "0"
cmdb_ci_db_ora_listener: "0"
ar_cmdb_ci_lb_a10: u_cmdb_ci_network_address_manager: "0"
cmdb_ci_app_server_jrun: "0"
cmdb_ci_ip_address: cmdb_ci_lb_radware: "0"
cmdb_ci_lb_vlan: "0"
cmdb_ci_solaris_server: "0"
cmdb_ci_cloud_resource_base: "0"
cmdb_ci_pcf_space_instance: cmdb_ci_appl_ora_notif_svr: "0"
cmdb_ci_cloud_key_pair: "0"
cmdb_ci_cloud_space: cmdb_ci_firewall_device_fortinet: cmdb_ci_netapp_cdot: "0"
cmdb_ci_volume_template: "0"
cmdb_ci_installed_bundles: "0"
cmdb_ci_vmware_instance: "0"
cmdb_ci_translation_rule: "0"
cmdb_ci_internet_gateway: "0"
cmdb_ci_security: cmdb_ci_app_simulation: "0"
cmdb_ci_appl_glassfish: "0"
cmdb_ci_netware_server: "0"
cmdb_ci_endpoint_ms_sql_server: "0"
cmdb_ci_rhv_vm_instance: cmdb_ci_epicd_app_server: "0"
cmdb_ci_db_mongodb_instance: "0"
cmdb_ci_endpoint_jms_server: "0"
cmdb_ci_appl_groundwork: "0"
cmdb_ci_cloud_lb_ipaddress: "0"
u_cmdb_ci_security_atp: "0"
cmdb_ci_perf_template: "0"
cmdb_ci_netgear: "76159"
ar_cmdb_ci_datacenter: cmdb_ci_db_ora_instance: "0"
cmdb_ci_exchange_service_component: "0"
cmdb_ci_esx_resource_pool: "0"
cmdb_ci_port_group: "0"
ar_cmdb_ci_lb_bigip: cmdb_ci_lb_health_service: cmdb_ci_qualifier_hidden_conn: "0"
ar_u_cmdb_ci_security_firewall: cmdb_ci_storage_fileshare: "0"
cmdb_ci_kvm_storage_volume: "0"
cmdb_ci_avi_service_engine: cmdb_ci_cloud_storage_account: "0"
cmdb_ci_cluster: "494"
cmdb_ci_endpoint_oracle_ias: "0"
cmdb_ci_memory_module: "0"
cmdb_ci_endpoint_app_storage: "0"
cmdb_ci_dns_name: "0"
cmdb_ci_cloud_location_group: cmdb_ci_app_server_tomcat: "0"
cmdb_ci_endpoint_sap_bo_servers: "0"
cmdb_ci_surge_power_eq: "0"
cmdb_ci_hyper_v_cluster: "0"
cmdb_ci_ip_device: "0"
cmdb_ci_endpoint_ent_vault: "0"
ar_u_cmdb_ci_hp_xerox_printer: cmdb_ci_appl_ibm_wmq: "0"
cmdb_ci_wap_network: "0"
cmdb_ci_ups_power_eq: "0"
cmdb_ci_endpoint_nfs: "0"
cmdb_ci_endpoint_inter_connect: "0"
cmdb_ci_plc: cmdb_ci_iscsi_export: "0"
cmdb_ci_app_server_ora_ias: "0"
cmdb_ci_web_server: "0"
cmdb_ci_lb_datacenter: "0"
cmdb_ci_appl_ora_fs: "0"
cmdb_ci_app_server_vendavo: "0"
cmdb_ci_endpoint_jms_flow: "0"
cmdb_ci_appl_now_mid: cmdb_ci_wan_accel_network: "0"
cmdb_ci_endpoint_storf: "0"
cmdb_ci_appl_ora_forms: "0"
cmdb_ci_appl_hp_service: "0"
cmdb_ci_appl_ora_ebs: "0"
cmdb_ci_agility_process: "0"
cmdb_ci_endpoint_ajp: "0"
cmdb_ci_netapp_svm: "0"
cmdb_ci_network_node: cmdb_ci_appl_ibm_wmb_listener: "0"
cmdb_ci_endpoint_sap_app: "0"
cmdb_ci_sbc: cmdb_ci_azure_subscription: "0"
cmdb_ci_circuit: "0"
cmdb_ci_endpoint_cassandra: cmdb_ci_appl_hp_qc: "0"
cmdb_ci_wearable: cmdb_ci_ec2_instance: "0"
cmdb_ci_endpoint_tcp: "0"
cmdb_ci_lb_modproxy: "0"
cmdb_ci_appl_weblogicmodule: "0"
cmdb_ci_email_server_ent_vault: "0"
ar_u_cmdb_ci_network_switch_module: cmdb_ci_osx_server: "0"
cmdb_ci_transport: cmdb_ci_pcf_component: ar_cmdb_ci_netware_server: cmdb_ci_topic_inc_ep: cmdb_ci_endpoint_sim_inc: "0"
ar_cmdb_ci_lb_isa: cmdb_ci_appl_ora_forms_ui: "0"
cmdb_ci_appl_ora_report: "0"
cmdb_ci_endpoint_ldap_db: "0"
ar_cmdb_ci_virtualization_server: cmdb_ci_db_db2_catalog: "0"
cmdb_ci_ip_router: "0"
cmdb_ci_hyper_v_object: "0"
cmdb_ci_openshift_build_conf: cmdb_ci_exchange_cas: "0"
ar_cmdb_ci_unix_server: cmdb_ci_route: "0"
ar_cmdb_ci_chassis_server: cmdb_ci_endpoint_tibco_bw_proc: "0"
cmdb_ci_msd: "0"
cmdb_ci_beacon_tower_eq: "0"
cmdb_ci_lb_network: "0"
cmdb_ci_cassandra_instance: cmdb_ci_web_application: "0"
cmdb_ci_endpoint_sap_bo_srv: "0"
cmdb_ci_appl_sap: "0"
ar_cmdb_ci_unix_cluster: cmdb_ci_epic_cache: "0"
cmdb_ci_appl_itam: "0"
cmdb_ci_endpoint_arn: cmdb_ci_firewall_network: "0"
cmdb_ci_appl_mongo_config_serv: "0"
cmdb_ci_coldfusion_app_inclusion: cmdb_ci_appl_generic: "0"
cmdb_ci_appl_doc_brava_server: "0"
cmdb_ci_display_hardware: "0"
cmdb_ci_storage_hba: "0"
cmdb_ci_linux_server: "9059"
cmdb_ci_storage_mapping: "0"
cmdb_ci_tower_light_tower_eq: "0"
ar_cmdb_ci_lb_alteon: cmdb_ci_firewall_device_palo_alto: cmdb_ci_lb_appl: "0"
ar_cmdb_ci_linux_server: cmdb_ci_ups_alarm: "0"
cmdb_ci_endpoint_ems_jndi: "0"
cmdb_ci_endpoint_pop3: "0"
cmdb_ci_appl_glassfish_war: "0"
cmdb_ci_lvm_pool_member: "0"
cmdb_ci_comm: "0"
ar_cmdb_ci_netgear: cmdb_ci_fuel_tank: "0"
cmdb_ci_hyper_v_rpool_comp: "0"
cmdb_ci_dir_site_minder_server: "0"
cmdb_ci_workload_config_provider: ar_cmdb_ci_mainframe_hardware: cmdb_ci_citrix_netscaler_sdx: cmdb_ci_rubrik_node: ar_cmdb_ci_win_cluster: cmdb_ci_lb_ace: "0"
ar_cmdb_ci_lb_network: cmdb_ci_vcenter_dv_port_group: "0"
cmdb_ci_endpoint_peoplesoft: "0"
cmdb_ci_virtualization_server: "0"
cmdb_ci_app_server_wl_module: "0"
cmdb_ci_ids_network: "0"
cmdb_ci_zoo_keeper_cluster_node: cmdb_ci_netapp_volume: "0"
cmdb_ci_inf_software: "0"
cmdb_ci_bundled_resources: "0"
cmdb_ci_infra_service: "0"
cmdb_ci_compute_security_group_rule: cmdb_ci_app_server_dp_domain: "0"
cmdb_ci_rack: "0"
cmdb_ci_compute_security_group: "0"
cmdb_ci_app_server_domino: "0"
cmdb_ci_ip_network: "0"
cmdb_ci_firewall_device_group_panorama: cmdb_ci_appl_rabbitmq: "0"
cmdb_ci_server: "56439"
cmdb_ci_endpoint_iis: "0"
ar_cmdb_ci_hub_network: cmdb_ci_service_group: "0"
cmdb_ci_sa_server_array: "0"
cmdb_ci_kubernetes_daemonset: cmdb_ci_db_instance_size: cmdb_ci_dc_plant_battery_pwr: "0"
cmdb_ci_appl_ora_disc_ui: "0"
cmdb_ci_cloud_openstack_domain: cmdb_ci_vm_template: "0"
cmdb_ci_mirror_template: "0"
cmdb_ci_appl_sp_service: "0"
cmdb_ci_openshift_dep_conf: cmdb_ci_endpoint_informix_server: cmdb_ci_endpoint_mysql_server: "0"
cmdb_ci_appl_biztalk_orch: "0"
cmdb_ci_application_software: "0"
ar_u_cmdb_ci_hp_lexmark_printer: u_cmdb_ci_network_mobility_controller: "0"
ar_u_cmdb_ci_load_balancer: cmdb_ci_exchange_frontend: "0"
cmdb_ci_mpio_pool: "0"
cmdb_ci_tower_tower_eq: "0"
cmdb_ci_veritas_plex: "0"
ar_u_cmdb_ci_network_time_management: cmdb_ci_appl_vignette_server: "0"
cmdb_ci_appl_peoplesoft: "0"
ar_u_cmdb_ci_network_policy_controller: cmdb_ci_pc_hardware: "0"
cmdb_ci_hvac: "0"
cmdb_ci_endpoint_jrun: "0"
cmdb_ci_endpoint_xenapp_citrx: "0"
cmdb_ci_router: "0"
cmdb_ci_qualifier_traffic_based_connection: "0"
cmdb_ci_cmp_cloud_account: "Invalid
cmdb_ci_appl_ibm_wmb: "0"
cmdb_ci_cloud_appserver: "0"
cmdb_ci_kubernetes_service: cmdb_ci_storage_controller: "0"
u_cmdb_ci_security_ips: "0"
cmdb_ci_firewall_device_juniper: cmdb_ci_kvm_storage_pool: "0"
cmdb_ci_resource_group: "0"
cmdb_ci_rhv_server: cmdb_ci_endpoint_inclusion_rabbitmq_queue: "0"
cmdb_ci_endpoint: "0"
cmdb_ci_ups_output: "0"
cmdb_ci_lb_isa: "0"
cmdb_ci_endpoint_storefront_components: "0"
cmdb_ci_imaging: cmdb_ci_lb_f5_gtm: "0"
cmdb_ci_storage_cluster: "0"
ar_cmdb_ci_pc_hardware: ar_cmdb_ci_esx_server: cmdb_ci_app_server_ws_ear: "0"
cmdb_ci_solaris_instance: "0"
cmdb_ci_cassandra_cluster: cmdb_ci_endpoint_glassfish_war: "0"
ar_u_cmdb_ci_wireless_controller: cmdb_ci_raid_member: "0"
cmdb_ci_db_informix_catalog: cmdb_ci_websphere_cell: "0"
cmdb_ci_kvm: "0"
cmdb_ci_appl_kafka_consumer: cmdb_ci_network_link: u_cmdb_ci_network_policy_controller: "0"
ar_u_cmdb_ci_security_ips: cmdb_ci_azure_datacenter: "0"
cmdb_ci_web_service: "0"
cmdb_ci_endpoint_msmq: "0"
cmdb_ci_cloud_ecs_task: cmdb_ci_file_system: "0"
cmdb_ci_appl: "20922"
cmdb_ci_appl_now_app: "0"
cmdb_ci_cim_profile: "0"
u_cmdb_ci_abc_id: "2896"
cmdb_ci_kubernetes_statefulset: cmdb_ci_nutanix_host: cmdb_ci_endpoint_sap: "0"
cmdb_ci_endpoint_obj_cms_srv: "0"
u_cmdb_ci_network_monitoring: "0"
cmdb_ci_appl_ca_id_man: "0"
cmdb_ci_sa_simple_policy: "0"
cmdb_ci_cim_server: "0"
cmdb_ci_endpoint_sap_db: "0"
cmdb_ci_appl_ora_disc: "0"
cmdb_ci_lb_pool_member: "0"
cmdb_ci_endpoint_ldap: "0"
cmdb_ci_endpoint_agility: "0"
cmdb_ci_sdwan_edge: ar_cmdb_ci_computer_room: cmdb_ci_tape_server: "0"
cmdb_ci_comm_hardware: cmdb_ci_appl_tibco_message: "0"
cmdb_ci_san_export: "0"
ar_cmdb_ci_computer: cmdb_ci_appl_sap_ci: "0"
cmdb_ci_display: cmdb_ci_endpoint_tbco_confile: "0"
cmdb_ci_endpoint_oracle_db: "0"
cmdb_ci_appl_ora_queue: "0"
cmdb_ci_endpoint_inclusion: "0"
cmdb_ci_endpoint_wmb_depend: "0"
ar_cmdb_ci_hpux_server: cmdb_ci_app_server_composer: "0"
cmdb_ci_appl_tibco_matrix_proc: "0"
cmdb_ci_vmware_template: "0"
cmdb_ci_apigee_endpoint: cmdb_ci_service_technical: "62"
cmdb_ci_directory_server: "0"
cmdb_ci_config_automation_server: "0"
cmdb_ci_appl_connectit: "0"
cmdb_ci_vcenter_datacenter: "0"
cmdb_ci_vpn_connection: "0"
cmdb_ci_lb_a10: "0"
cmdb_ci_endpoint_comp_security: "0"
cmdb_ci_endpoint_mysql_slave: "0"
cmdb_ci_nutanix_controller_vm: cmdb_ci_endpoint_ftp: "0"
cmdb_ci_app_server_java: "0"
cmdb_ci_windows_service: "0"
cmdb_ci_cluster_vm_dependency_rule: "0"
cmdb_ci_ftp_server: "0"
cmdb_ci_directory_iifp: "0"
cmdb_ci_directory_ad_forest: "0"
cmdb_ci_pcf_service: cmdb_ci_pos: cmdb_ci_oslv_container: "0"
cmdb_ci_endpoint_weblogic_module: "0"
cmdb_ci_storage_node: "0"
ar_u_cmdb_ci_network_performance: ar_cmdb_ci_printer: cmdb_ci_hyper_v_network: "0"
cmdb_ci_generator_power_eq: "0"
cmdb_ci_interface_card: cmdb_ci_aws_datacenter: "0"
cmdb_ci_instance_template: cmdb_ci_cluster_vm_affinity_rule: "0"
cmdb_ci_db_mssql_instance: "0"
cmdb_ci_db_ora_catalog: "0"
cmdb_ci_oslv_local_image: "0"
cmdb_ci_cloud_ecs_service: cmdb_ci_nas_file_system: "0"
cmdb_ci_cloud_openstack_endpoint: cmdb_ci_monitoring_hardware: "0"
cmdb_ci_endpoint_network: "0"
ar_u_cmdb_ci_network_security: cmdb_ci_firewall_device_group: cmdb_ci_storage_pool_member: "0"
cmdb_ci_endpoint_ssis: "0"
cmdb_ci_appl_doc_docbase: "0"
cmdb_ci_lb_bigip: "0"
cmdb_ci_cloud_directory: "0"
cmdb_ci_handheld_computing: cmdb_ci_storage_vol_snapshot: "0"
cmdb_ci_raid: "0"
cmdb_ci_route_table: "0"
cmdb_ci_rubrik_vm_instance: cmdb_ci_qualifier_entrypoint: "0"
cmdb_ci_cloud_object_storage: ar_cmdb_ci_lb_cisco_gss: cmdb_ci_appl_sap_server: "0"
cmdb_ci_pdu_outlet: "0"
cmdb_ci_veritas_volume: "0"
cmdb_ci_pcf_foundation: cmdb_ci_appl_ora_jms_queue: "0"
cmdb_ci_app_server_jb_module: "0"
u_cmdb_ci_video_conferencing: "0"
cmdb_ci_endpoint_ems_queue: "0"
ar_cmdb_ci_storage_node_element: cmdb_ci_vm_object: "0"
cmdb_ci_zone: "260"
ar_cmdb_ci_ip_switch: cmdb_ci_appl_ora_conc: "0"
cmdb_ci_appl_citrix_collector: "0"
cmdb_ci_snapshot_template: "0"
cmdb_ci_ibm_zos_server: "0"
cmdb_ci_converged_infra: cmdb_ci_nutanix_prism_central: cmdb_ci_plotter: "0"
cmdb_ci_firewall_cluster_fortinet: cmdb_ci_crac: "0"
cmdb_ci_pcf_quota: cmdb_ci_train: cmdb_ci_hyper_v_resource_pool: "0"
cmdb_ci_kubernetes_namespace: u_cmdb_ci_network_management: "0"
cmdb_ci_endpoint_aq_queue: "0"
cmdb_ci_endpoint_ssas_mssql: "0"
cmdb_ci_lb_cisco_gss: "0"
cmdb_ci_endpoint_rabbitmq: "0"
cmdb_ci_server_hardware: "0"
cmdb_ci_ats_power_eq: "0"
u_cmdb_ci_load_balancer: "0"
cmdb_ci_endpoint_mysql_cl_dn: "0"
cmdb_ci_sdwan_port: cmdb_ci_veritas_disk: "0"
cmdb_ci_outofband_device: "0"
cmdb_ci_compute_template: "0"
cmdb_ci_endpoint_mq_mem: "0"
cmdb_ci_disk_partition: "0"
cmdb_ci_rubrik_db_ora_host: cmdb_ci_san_zone_set: "0"
ar_cmdb_ci_csu_dsu_network: cmdb_ci_aws_cloudformation_stack: ar_cmdb_ci_cim_server: cmdb_ci_endpoint_oracle_rac: "0"
cmdb_ci_ip_camera: cmdb_ci_appl_kafka_broker: cmdb_ci_exchange_backend: "0"
cmdb_ci_appl_sap_system: "0"
cmdb_ci_rhv_cluster: cmdb_ci_docker_container: "0"
cmdb_ci_backup_server: cmdb_ci_storage_pool: "0"
cmdb_ci_appl_rabbitmq_cluster: "0"
cmdb_ci_cloud_topic: "0"
cmdb_ci_docker_image_tag: "0"
cmdb_ci_firewall_cluster_juniper: cmdb_ci_nutanix_storage_container: cmdb_ci_storage_switch: "0"
cmdb_ci_zoo_keeper_cluster: cmdb_ci_cmp_resource: cmdb_ci_security_grp_template: "0"
cmdb_ci_san_endpoint: "0"
cmdb_ci_service_calculated: "0"
cmdb_ci_cloud_authentication: cmdb_ci_kvm_network: "0"
cmdb_ci_dir_policy_server: "0"
cmdb_ci_rhv_ldc: cmdb_ci_endpoint_extnetwork: "0"
cmdb_ci_printing_hardware: "0"
cmdb_ci_hyper_v_instance: "0"
cmdb_ci_aws_account: "0"
ar_cmdb_ci_ibm_zos_server: cmdb_ci_endpoint_ad_service_in: "0"
cmdb_ci_environment: "0"
cmdb_ci_san_disk: "0"
cmdb_ci_storage_cluster_node: "0"
cmdb_ci_apic_tenant: "0"
u_cmdb_ci_network_performance: "0"
cmdb_ci_imaging_hardware: "0"
cmdb_ci_db_mssql_server: "0"
cmdb_ci_computer_room: "0"
cmdb_ci_tower_eq: "0"
cmdb_ci_endpoint_storage_fc: "0"
cmdb_ci_mpio_pool_group: "0"
cmdb_ci_vcenter_host_group: "0"
cmdb_ci_port: "3346"
cmdb_ci_appl_vignette_search: "0"
cmdb_ci_mainframe: "24"
cmdb_ci_nutanix_storage_pool: cmdb_ci_app_network_profile: "0"
cmdb_ci_qtree: "0"
cmdb_ci_power_eq: "0"
cmdb_ci_endpoint_remote_tcp: "0"
cmdb_ci_appl_weblogic_lb: "0"
cmdb_ci_file_system_nfs: "0"
cmdb_ci_endpoint_ad_domain: "0"
ar_u_cmdb_ci_network_monitoring: cmdb_ci_appl_sendmail: "0"
cmdb_ci_dynamodb_table: cmdb_ci_azure_deployment: cmdb_ci_vcenter_datastore: "0"
ar_u_cmdb_ci_royce_printer: cmdb_ci_veritas_subdisk: "0"
cmdb_ci_endpoint_nat: "0"
cmdb_ci_appl_zoo_keeper: cmdb_ci_firewall_device: cmdb_ci_db_mysql_instance: "0"
cmdb_ci_endpoint_listener_wmb: "0"
cmdb_ci_lb_pool: "0"
cmdb_ci_db_catalog: "0"
u_cmdb_ci_network_switch_module: "0"
cmdb_ci_fc_port: "0"
cmdb_ci_endpoint_http: "0"
cmdb_ci_endpoint_vnic: "0"
ar_u_cmdb_ci_network_dns_dhcp: cmdb_ci_vm: "0"
cmdb_ci_appl_delivery_controler: "0"
cmdb_ci_med_diagnostic: cmdb_ci_appl_rabbitmq_queue: "0"
cmdb_ci_qualifier_boundary_connection: "0"
cmdb_ci_avi_tenant: cmdb_ci_email_server: "0"
cmdb_ci_config_entity: cmdb_ci_endpoint_postgresql: "0"
cmdb_ci_lb_service: "0"
cmdb_ci_edge_device: cmdb_ci_cloud_openstack_service: cmdb_ci_drs_vm_config: "0"
cmdb_ci_facility_hardware: "0"
cmdb_ci_appl_ora_tnslsnr: "0"
cmdb_ci_query_based_service: "0"
cmdb_ci_endpoint_block: "0"
cmdb_ci_storage_eff_template: "0"
cmdb_ci_firewall_manager_panorama: cmdb_ci_endpoint_tibco_bw: "0"
cmdb_ci_appl_mongos: "0"
cmdb_ci_net_app_server: "0"
cmdb_ci_file_system_smb: "0"
cmdb_ci_appl_ora_oacore: "0"
cmdb_ci_endpoint_xenapp_comp: "0"
cmdb_ci_cloud_load_balancer: "0"
cmdb_ci_cloud_ip_address: "0"
ar_cmdb_ci_vmware_nic: cmdb_ci_ship: cmdb_ci_exchange_edge_transport_server: "0"
cmdb_ci_twr_light_cnt_tower_eq: "0"
u_cmdb_ci_network_storage: "0"
cmdb_ci_mpio_pool_path: "0"
cmdb_ci_logical_datacenter: "0"
cmdb_ci_win_domain_controller: "0"
ar_cmdb_ci_datapower_server: ar_cmdb_ci_network_adapter: cmdb_ci_service_discovered: "10408"
cmdb_ci_vmware_nic: "0"
ar_cmdb_ci_mainframe: cmdb_ci_kafka_cluster_node: cmdb_ci_db_mssql_int_job: "0"
cmdb_ci_lb_backend_server: "0"
cmdb_ci_endpoint_jboss: "0"
cmdb_ci_kvm_vm_instance: "0"
cmdb_ci_google_datacenter: cmdb_ci_network_adapter: "0"
cmdb_ci_appl_ca_ent_man: "0"
ar_cmdb_ci_server: cmdb_ci_network_host: "0"
ar_cmdb_ci_isam_server: ar_cmdb_ci_storage_switch: cmdb_ci_app_server_datapower: "0"
cmdb_ci_storage_def_template: "0"
cmdb_ci_storage_volume: "0"
cmdb_ci_service_manual: cmdb_ci_business_capability: "798"
cmdb_ci_appl_sap_di: "0"
cmdb_ci_appl_sharepoint: "0"
cmdb_ci_endpoint_ob_cluster: "0"
cmdb_ci_endpoint_jms_queue: "0"
cmdb_ci_openshift_group: ar_cmdb_ci_lb: cmdb_ci_cloud_host: "0"
cmdb_ci_information_object: "0"
cmdb_ci_schedule_policy_template: "0"
cmdb_ci_tfe_vcs_repo: cmdb_ci_endpoint_subnet: "0"
cmdb_ci_firewall_manager: cmdb_ci_app_server_jrun_war: "0"
cmdb_ci_endpoint_iscsi: "0"
cmdb_ci_storage_node_element: "0"
ar_u_cmdb_ci_network_address_manager: cmdb_ci_vcenter: "0"
cmdb_ci_appl_license_server: "0"
cmdb_ci_cluster_resource: "0"
cmdb_ci_endpoint_manual: "0"
cmdb_ci_endpoint_vpg: "0"
cmdb_ci_openshift_docker_images_repository: cmdb_ci_openshift_project: cmdb_ci_cisco_apic: "0"
cmdb_ci_cloud_monitor_notification: "0"
cmdb_ci_db_informix_catalog_inclusion: ar_u_cmdb_ci_network_management: cmdb_ci_tfe_agent_pool: ar_cmdb_ci_wap_network: cmdb_ci_storage_access_policy: "0"
cmdb_ci_gcp_folder: cmdb_ci_appl_jboss_fuse: cmdb_ci_inter_connect: "0"
cmdb_ci_nat_gateway: "0"
cmdb_ci_lpar: "0"
cmdb_ci_appl_oracle_golden_gate: ar_cmdb_ci_storage_cluster: ar_cmdb_ci_lb_f5_ltm: cmdb_ci_lb_netscaler: "0"
cmdb_ci_appl_biztalk: "0"
cmdb_ci_appl_ibm_cics: "0"
cmdb_ci_endpoint_ssis_job: "0"
cmdb_ci_appl_kafka_connect: cmdb_ci_storage_fileshare_pure: cmdb_ci_nutanix_cluster: cmdb_ci_cloud_service_account: "Invalid
cmdb_ci_exchange_mailbox: "0"
cmdb_ci_host_cluster: "0"
cmdb_ci_lb_cisco_css: "0"
cmdb_ci_vcenter_network: "0"
cmdb_ci_virtual_desktop: "0"
cmdb_ci_endpoint_j2ee_ear: "0"
ar_u_cmdb_ci_network_data_aggregation_appliance: ar_u_cmdb_ci_network_packet_broker: cmdb_ci_personal_printer: "0"
cmdb_ci_microsoft_iis_web_server: "0"
cmdb_ci_appl_ora_gg_extract: cmdb_ci_hub_network: "0"
cmdb_ci_nic: "0"
cmdb_ci_cloud_database: "0"
cmdb_ci_ip_phone: "0"
cmdb_ci_cmp_price_base: cmdb_ci_cloud_org: cmdb_ci_appl_sap_scs: "0"
cmdb_ci_kvm_object: "0"
ar_cmdb_ci_mfp_printer: cmdb_ci_appl_ibm_ctg: "0"
cmdb_ci_app_server_webseal: "0"
cmdb_ci_appl_controlm: "0"
cmdb_ci_db_db2_instance: "0"
ar_cmdb_ci_cluster: cmdb_ci_ip_firewall: "0"
cmdb_ci_endpoint_mq: "0"
ar_cmdb_ci_wan_accel_network: u_cmdb_ci_terminal_server: "0"
cmdb_ci_endpoint_exchange: "0"
cmdb_ci_san_zone_member: "0"
cmdb_ci_customer_gateway: "0"
cmdb_ci_cloud_gateway: cmdb_ci_custom_application: cmdb_ci_web_site: "0"
cmdb_ci_qualifier: "0"
cmdb_ci_kubernetes_workload: cmdb_ci_endpoint_dctm_broker: "0"
ar_u_cmdb_ci_network_storage: ar_cmdb_ci_firewall_network: cmdb_ci_oslv_engine: "0"
cmdb_ci_tfe_org: cmdb_ci_remote_backup_template: "0"
cmdb_ci_appl_pending: cmdb_ci_db_mssql_catalog: "0"
cmdb_ci_lb_cisco_csm: "0"
cmdb_ci_endpoint_rfc: "0"
cmdb_ci_network_template: "0"
cmdb_ci_appl_tibco_adapter: "0"
u_cmdb_ci_voip_device: "0"
cmdb_ci_aircraft: cmdb_ci_mainframe_hardware: "0"
u_cmdb_ci_hp_lexmark_printer: "0"
cmdb_ci_isam_server: "0"
cmdb_ci_storage_processor_pure: cmdb_ci_printer: "111146"
cmdb_ci_rubrik_fileset_template: cmdb_ci_cloud_function: cmdb_ci_patches: "0"
cmdb_ci_oslv_image_tag: "0"
cmdb_ci_aws_s3_endpoint: ar_cmdb_ci_aix_server: cmdb_ci_tomcat_connector: "0"
u_cmdb_ci_security_firewall: "0"
cmdb_ci_lpar_instance: u_cmdb_ci_network_security: "0"
cmdb_ci_lpar_resource: cmdb_ci_qualifier_external_connection: "0"
cmdb_ci_storage_device: "3875"
cmdb_ci_endpoint_wmb_flow: "0"
cmdb_ci_endpoint_oracle_esb: "0"
ar_cmdb_ci_server_hardware: cmdb_ci_vcenter_dvs: "0"
ar_cmdb_ci_nic: cmdb_ci_lb_haproxy: "0"
cmdb_ci_kubernetes_component: cmdb_ci_app_server_hp_ucmdb: "0"
cmdb_ci_dynamodb_global_table: cmdb_ci_chassis_server: "0"
cmdb_ci_sa_dynamic_policy: "0"
cmdb_ci_pdu: "0"
cmdb_ci_virtual_pvt_gateway: "0"
cmdb_ci_building_facility: "0"
cmdb_ci_netapp_datacenter: "0"
cmdb_ci_sa_scaling_pol_base: "0"
cmdb_ci_iot_gateway: ar_cmdb_ci_ucs_blade: cmdb_ci_sun_dir_proxy_server: "0"
cmdb_ci_exchange_hub: "0"
cmdb_ci_multimedia: ar_cmdb_ci_win_server: cmdb_ci_openstack_datacenter: "0"
cmdb_ci_appl_kafka_topic: cmdb_ci_datapower_server: "0"
cmdb_ci_cloud_ecs_cluster: cmdb_ci_endpoint_app: "0"
cmdb_ci_endpoint_ems: "0"
ar_cmdb_ci_lb_radware: cmdb_ci_lb_interface: "0"
ar_cmdb_ci_ip_firewall: cmdb_ci_db_mssql_database: "0"
cmdb_ci_endpoint_tibco_file: "0"
cmdb_ci_pcf_domain: ar_cmdb_ci_mainframe_lpar: cmdb_ci_cloud_webserver: "0"
cmdb_ci_mainframe_lpar: "0"
cmdb_ci_business_app: "13293"
cmdb_ci_exchange_hub_transport_server: "0"
cmdb_ci_postgresql_schema: cmdb_ci_appl_sap_bo_scheduler: "0"
cmdb_ci_med_support: cmdb_ci_appl_ora_http: "0"
cmdb_ci_endpoint_mysql_cl_mg: "0"
cmdb_ci_rubrik_node_disk: cmdb_ci_appl_hp_sm_kb: "0"
cmdb_ci_lb_f5_ltm: "0"
cmdb_ci_modem_network: "0"
cmdb_ci_os_template: "0"
cmdb_ci_lb: "0"
cmdb_ci_vcenter_folder: "0"
cmdb_ci_dc_plant_eq_power_eq: "0"
cmdb_ci_group: "0"
cmdb_ci_app_server_websphere: "0"
ar_cmdb_ci_lb_cisco_csm: ar_u_cmdb_ci_video_conferencing: cmdb_ci_storage_server: "0"
cmdb_ci_endpoint_f5: "0"
cmdb_ci_endpoint_xenapp: "0"
cmdb_ci_inetinfo: "0"
cmdb_ci_ibm_frame: cmdb_ci_appl_ca: "0"
cmdb_ci_endpoint_crm: "0"
cmdb_ci_computer: "508328"
ar_u_cmdb_ci_voip_gateway: ar_u_cmdb_ci_ibmeci_printer: cmdb_ci_app_server_weblogic: "0"
cmdb_ci_ucs_rack_unit: "0"
cmdb_ci_appl_tuxedo_portal: "0"
cmdb_ci_endpoint_ssis_mssql: "0"
cmdb_ci_config_file_tracked: "0"
cmdb_ci_terraform_workspace: cmdb_ci_rubrik_fileset: ar_cmdb_ci_lb_f5_gtm: cmdb_ci_rubrik_cluster: cmdb_ci_cassandra_keyspace: cmdb_ci_mfp_printer: "0"
cmdb_ci_ip_switch: "0"
cmdb_ci_ups: "0"
cmdb_ci_san: "0"
cmdb_ci_openshift_images_stream: ar_u_cmdb_ci_network_supervisor: cmdb_ci_endpoint_sybase: "0"
cmdb_ci_db_mssql_integration: "0"
cmdb_ci_endpoint_route_table: "0"
cmdb_ci_metric_extension: cmdb_ci_cloud_monitor_alarm: "0"
cmdb_ci_config_file: "0"
cmdb_ci_batch_job: "0"
cmdb_ci_appl_wmb: "0"
cmdb_ci_endpoint_fastsearch: "0"
cmdb_ci_endpoint_ebs: "0"
cmdb_ci_endpoint_oracle_tns: "0"
cmdb_ci_ups_input: "0"
cmdb_ci_payment: cmdb_ci_appl_sap_jc: "0"
ar_cmdb_ci_ip_router: cmdb_ci_net_traffic: "0"
cmdb_ci_network_acl_rule: "0"
cmdb_ci_appl_ora_pm: "0"
u_cmdb_ci_royce_printer: "0"
cmdb_ci_med_monitoring: cmdb_ci_appl_ora_gg_replicat: u_cmdb_ci_network_server: "0"
u_cmdb_ci_vpn_gateway: "0"
cmdb_ci_snat_ip_pool: "0"
cmdb_ci_appl_ora_metric_client: "0"
cmdb_ci_appl_ora_tns: "0"
cmdb_ci_ucs_chassis: "0"
cmdb_ci_fddi_network: "0"
cmdb_ci_vcenter_vm_group: "0"
cmdb_ci_database: "14302"
cmdb_ci_pcf_organization: cmdb_ci_db_mysql_clusternode: "0"
cmdb_ci_endpoint_intgateway: "0"
cmdb_ci_os_packages: "0"
cmdb_ci_lb_nginx: "0"
cmdb_ci_db_mysql_catalog: "0"
cmdb_ci_appl_weblogic_jms: "0"
cmdb_ci_switch: "0"
cmdb_ci_network_policy_group: "0"
cmdb_ci_hyper_v_server: "0"
cmdb_ci_app_server_ora_ias_m: "0"
cmdb_ci_endpoint_db2sql: "0"
cmdb_ci_vcenter_cluster_drs_rule: "0"
cmdb_ci_cluster_node: "0"
cmdb_ci_network: "0"
cmdb_ci_appl_fastsearch: "0"
cmdb_ci_firewall_sec_policy: cmdb_ci_endpoint_cust_gateway: "0"
ar_cmdb_ci_tape_server: cmdb_ci_med_theraputic: cmdb_ci_endpoint_tomcat_war: "0"
cmdb_ci_unix_cluster_resource: "0"
cmdb_ci_application_server_resource: u_cmdb_ci_service_component_module: "621"
cmdb_ci_db_ora_pdb_instance: cmdb_ci_qualifier_manual_connection: "0"
cmdb_ci_nsx_lb: ar_cmdb_ci_osx_server: cmdb_ci_gcp_deployment_manager_stack: cmdb_ci_appl_now_connector: cmdb_ci_lb_alteon: "0"
cmdb_ci_disk: "0"
cmdb_ci_disk_type: cmdb_ci_nas_storage: "0"
cmdb_ci_qualifier_manual_ci_endpoint: "0"
ar_u_cmdb_ci_security_atp: cmdb_ci_appl_tibco_matrix: "0"
cmdb_ci_db_informix_instance: cmdb_ci_appl_apigee_srv: cmdb_ci_san_zone_alias_member: "0"
cmdb_ci_san_fabric: "0"
cmdb_ci_endpoint_ejb: "0"
cmdb_ci_network_controller: cmdb_ci_firewall_device_cisco: cmdb_ci_appl_tibco_hawk: "0"
cmdb_ci_iplanet_web_server: "0"
ar_u_cmdb_ci_voip_device: cmdb_ci_unclassed_hardware: ar_u_cmdb_ci_network_server: cmdb_ci_cloud_messaging_service: "0"
cmdb_ci_appl_sap_bo: "0"
u_cmdb_ci_service_component: "86"
cmdb_ci_network_circuit: cmdb_ci_storage_export: "0"
cmdb_ci_win_cluster: "0"
u_cmdb_ci_network_time_management: "0"
cmdb_ci_db_hbase_instance: "0"
cmdb_ci_endpoint_ctg: "0"
cmdb_ci_vserver_peer: "0"
cmdb_ci_appl_tuxedo: "0"
ar_cmdb_ci_solaris_server: cmdb_ci_vcenter_datastore_disk: "0"
ar_cmdb_ci_lb_cisco_css: cmdb_ci_business_process: "0"
u_cmdb_ci_security: "0"
cmdb_ci_sa_launch_config: "0"
cmdb_ci_win_cluster_node: "0"
cmdb_ci_san_zone_alias: "0"
cmdb_ci_oslv_image: "0"
cmdb_ci_endpoint_itam: "0"
cmdb_ci_rubrik_sla_domain: cmdb_ci_nutanix_vm_instance: cmdb_ci_directory_ha: "0"
cmdb_ci_openshift_route: cmdb_ci_appl_hp_index: "0"
cmdb_ci_appl_cisco_fibre: "0"
cmdb_ci_nginx_web_server: "0"
cmdb_ci_cluster_resource_group: cmdb_ci_ip_service: "0"
cmdb_ci_vcenter_server_obj: "0"
cmdb_ci_incomplete_ip: cmdb_ci_app_server_ora_ess: "0"
cmdb_ci_endpoint_ms_sql: "0"
cmdb_ci_cluster_vm_host_rule: "0"
cmdb_ci_endpoint_mapi_hub: "0"
cmdb_ci_endpoint_mapi: "0"
cmdb_ci_alias: "1079"
cmdb_ci_appl_citrix_xenapp: "0"
cmdb_ci_coldfusion_server: cmdb_ci_endpoint_ssis_file: "0"
cmdb_ci_subnet: "0"
ar_u_cmdb_ci_terminal_server: cmdb_ci_cf_application: ar_u_cmdb_ci_network_analytics_appliance: ar_cmdb_ci_personal_printer: cmdb_ci_fc_export: "0"
cmdb_ci_storage_disk: "0"
cmdb_ci_kubernetes_pod: cmdb_ci_endpoint_oracle_db_schema: "0"
ar_cmdb_ci_lb_netscaler: cmdb_ci_monitor_control: cmdb_ci_db_syb_catalog: "0"
cmdb_ci_endpoint_epicd: "0"
cmdb_ci_network_port: cmdb_ci_network_acl: "0"
cmdb_ci_kubernetes_node: cmdb_ci_docker_local_image: "0"
cmdb_ci_med_measuring: cmdb_ci_vm_vmware: "0"
cmdb_ci_iot: ar_cmdb_ci_storage_server: cmdb_ci_db_mssql_reporting: "0"
cmdb_ci_app_server_tomcat_war: "0"
cmdb_ci_appl_doc_brava_proc: "0"
cmdb_ci_endpoint_fromcluster_t: "0"
cmdb_ci_lif: "0"
cmdb_ci_tfe_workspace: cmdb_ci_endpoint_dliver_cnrl: "0"
cmdb_ci_endpoint_aq: "0"
cmdb_ci_ip_server: "0"
u_cmdb_ci_fabric_extender: "0"
cmdb_ci_appl_hp_operations: "0"
cmdb_ci_hardware: "695633"
cmdb_ci_appl_msmq: "0"
cmdb_ci_docker_engine: "0"
cmdb_ci_scanner: "0"
cmdb_ci_iisdirectory: "0"
cmdb_ci_firewall_cluster: ar_cmdb_ci_fddi_network: cmdb_ci_endpoint_dctm_job: "0"
cmdb_ci_app_server: "0"
cmdb_ci_appl_now_app_comp: "0"
cmdb_ci_endpoint_biztalk: "0"
u_cmdb_ci_network_dns_dhcp: "0"
cmdb_ci_rubrik_volume_group: cmdb_ci_hpux_server: "0"
cmdb_ci_processor_pool: ar_u_cmdb_ci_network_mobility_controller: cmdb_ci_spkg: "12155"
cmdb_ci_sun_ldap_dir_server: "0"
cmdb_ci_cmp_price_product_base: ar_cmdb_ci_vcenter_server_obj: cmdb_ci_fc_disk: "0"
cmdb_ci_storage_container: "0"
cmdb_ci_appl_doc_docbroker: "0"
ar_cmdb_ci_modem_network: cmdb_ci_appl_sap_ascs: "0"
cmdb_ci_endpoint_acl: "0"
ar_cmdb_ci_ucs_rack_unit: cmdb_ci_tfe_vcs: cmdb_ci_appl_ibm_wmq_queue: "0"
cmdb_ci_endpoint_storefront_comp: "0"
cmdb_ci_pcf_appl: cmdb_ci_endpoint_sp_connection: "0"
cmdb_ci_appl_vign_content_svr: "0"
u_cmdb_ci_voip_gateway: "0"
cmdb_ci_sap_sid: cmdb_ci_esx_server: "0"
cmdb_ci_openshift_user: cmdb_ci_endpoint_vm_esx: "0"
cmdb_ci_datacenter: "8"
cmdb_ci_availability_zone: "0"
cmdb_ci_sdwan_controller: cmdb_ci_dns_alias: "0"
cmdb_ci_cassandra_cluster_node: cmdb_ci_vm_instance: "0"
cmdb_ci_gcp_project: cmdb_ci_appl_active_directory: "0"
cmdb_ci_endpoint_biztalk_orch: "0"
cmdb_ci_rubrik_db_ora_rac: cmdb_ci_lb_listener: "0"
cmdb_ci_cluster_vip: "0"
cmdb_ci_vpn: "0"
cmdb_ci_vcenter_object: "0"
cmdb_ci_vcenter_cluster: "0"
ar_cmdb_ci_service_discovered: "1168"
cmdb_ci_pcf_route: cmdb_ci_app_server_jboss: "0"
cmdb_ci_desktop_software: "4125"
cmdb_ci_game_console: cmdb_ci_kafka_consumer_group: cmdb_ci_puppet_master: "0"
cmdb_ci_endpoint_mq_flow: "0"
cmdb_ci_medical: cmdb_ci_vm_user_credentials: "0"
cmdb_ci_kafka_cluster: u_cmdb_ci_network_packet_broker: "0"
cmdb_ci_wbem_service: "0"
cmdb_ci_pcf_service_plan: ar_u_cmdb_ci_vpn_gateway: ar_u_cmdb_ci_voip_communications: cmdb_ci_web_domino: "0"
cmdb_ci_appl_dot_net: "0"
cmdb_ci_endpoint_docbase: "0"
cmdb_ci_cloud_public_ipaddress: "0"
u_cmdb_ci_network_analytics_appliance: "0"
cmdb_ci_san_zone: "0"
cmdb_ci_apic_host: "0"
cmdb_ci: "4918592"
cmdb_ci_bridge_domain: "0"
u_cmdb_ci_network_supervisor: "0"
cmdb_ci_openshift_images: cmdb_ci_manufacturing: cmdb_ci_endpoint_router: "0"
cmdb_ci_datastore: "0"
cmdb_ci_email_server_jes: "0"
ar_u_cmdb_ci_hp_printer: cmdb_ci_endpoint_cloud_db_instance: "0"
cmdb_ci_exchange_mailbox_server: "0"
cmdb_ci_endpoint_ad_forest: "0"
cmdb_ci_veritas_disk_group: "0"
cmdb_ci_appl_sap_hana_db: "0"
cmdb_ci_apache_web_server: "0"
cmdb_ci_app_simulation_inc: "0"
cmdb_ci_appl_sap_bus_obj: "0"
cmdb_ci_ad_controller: "0"
cmdb_ci_customization_spec: "0"
ar_cmdb_ci_dns_name: cmdb_ci_firewall_sec_policy_panorama: cmdb_ci_app_server_ws_odr: "0"
cmdb_ci_appl_tibco_queue: "0"
cmdb_ci_endpoint_imap: "0"
u_cmdb_ci_voip_communications: "0"
cmdb_ci_peripheral: "0"
cmdb_ci_win_cluster_resource: "0"
ar_cmdb_ci_ids_network: cmdb_ci_drone: cmdb_ci_csu_dsu_network: "0"
cmdb_ci_cloud_subnet: "0"
cmdb_ci_net_app_host: "0"
cmdb_ci_iscsi_disk: "0"
cmdb_ci_ucs_blade: "0"
cmdb_ci_unix_daemon: "0"
cmdb_ci_certificate: cmdb_ci_ad_domain: "0"
cmdb_ci_appl_websphere_portal: "0"
cmdb_ci_appl_ca_dir_server: "0"
cmdb_ci_kubernetes_volume: cmdb_ci_aix_server: "2637"
cmdb_ci_db_syb_instance: "0"
cmdb_ci_directory_ldap: "0"
cmdb_ci_ucs_equipment: "0"
cmdb_ci_appl_ms_dynamic_crm: "0"
cmdb_ci_unix_cluster_node: "0"
cmdb_ci_app_server_remedy: "0"
u_cmdb_ci_hp_printer: "0"
cmdb_ci_avi_controller: cmdb_ci_endpoint_sharepoint_service: "0"
ar_u_cmdb_ci_fabric_extender: cmdb_ci_ups_bypass: "0"
cmdb_ci_kubernetes_deployment: cmdb_ci_endpoint_hpom: "0"
cmdb_ci_sim_card: cmdb_ci_print_queue: "0"
cmdb_ci_hmc_server: cmdb_ci_application_cluster: "0"
u_cmdb_ci_ibmeci_printer: "0"
cmdb_ci_rhv_manager: u_cmdb_ci_service_component_module_deployment: "12198"
cmdb_ci_lb_a10_partition: cmdb_ci_kubernetes_cluster: cmdb_ci_infra_service_ldap: "0"
u_cmdb_ci_hp_xerox_printer: "0"
cmdb_ci_interconnect_instance: "0"
cmdb_ci_win_server: "28578"
cmdb_ci_unix_server: "2690"
cmdb_ci_rhv_object: cmdb_ci_media_player: cmdb_ci_ibm_datacenter: cmdb_ci_alert_group: cmdb_ci_provider_device: cmdb_ci_vm_zones: "0"
